Performing C SOURCE FILE Test HAVE_GCC_PREFERRED_STACK_BOUNDARY failed with the following output:
Change Dir: /home/hugo/Desktop/programming/Sdl/build/CMakeFiles/CMakeTmp

Run Build Command:"/usr/bin/make" "cmTC_14488/fast"
/usr/bin/make -f CMakeFiles/cmTC_14488.dir/build.make CMakeFiles/cmTC_14488.dir/build
make[1]: Entering directory '/home/hugo/Desktop/programming/Sdl/build/CMakeFiles/CMakeTmp'
Building C object CMakeFiles/cmTC_14488.dir/src.c.o
/usr/bin/cc    -g -O3 -DHAVE_GCC_PREFERRED_STACK_BOUNDARY -mpreferred-stack-boundary=2   -o CMakeFiles/cmTC_14488.dir/src.c.o   -c /home/hugo/Desktop/programming/Sdl/build/CMakeFiles/CMakeTmp/src.c
/home/hugo/Desktop/programming/Sdl/build/CMakeFiles/CMakeTmp/src.c:1:0: error: -mpreferred-stack-boundary=2 is not between 4 and 12
 int x = 0; int main(int argc, char **argv) {}
 ^
CMakeFiles/cmTC_14488.dir/build.make:65: recipe for target 'CMakeFiles/cmTC_14488.dir/src.c.o' failed
make[1]: *** [CMakeFiles/cmTC_14488.dir/src.c.o] Error 1
make[1]: Leaving directory '/home/hugo/Desktop/programming/Sdl/build/CMakeFiles/CMakeTmp'
Makefile:126: recipe for target 'cmTC_14488/fast' failed
make: *** [cmTC_14488/fast] Error 2

Source file was:
int x = 0; int main(int argc, char **argv) {}
Performing C SOURCE FILE Test HAVE_ALTIVEC_H_HDR failed with the following output:
Change Dir: /home/hugo/Desktop/programming/Sdl/build/CMakeFiles/CMakeTmp

Run Build Command:"/usr/bin/make" "cmTC_666a0/fast"
/usr/bin/make -f CMakeFiles/cmTC_666a0.dir/build.make CMakeFiles/cmTC_666a0.dir/build
make[1]: Entering directory '/home/hugo/Desktop/programming/Sdl/build/CMakeFiles/CMakeTmp'
Building C object CMakeFiles/cmTC_666a0.dir/src.c.o
/usr/bin/cc    -g -O3 -DHAVE_ALTIVEC_H_HDR -maltivec   -o CMakeFiles/cmTC_666a0.dir/src.c.o   -c /home/hugo/Desktop/programming/Sdl/build/CMakeFiles/CMakeTmp/src.c
cc: error: unrecognized command line option ‘-maltivec’
CMakeFiles/cmTC_666a0.dir/build.make:65: recipe for target 'CMakeFiles/cmTC_666a0.dir/src.c.o' failed
make[1]: *** [CMakeFiles/cmTC_666a0.dir/src.c.o] Error 1
make[1]: Leaving directory '/home/hugo/Desktop/programming/Sdl/build/CMakeFiles/CMakeTmp'
Makefile:126: recipe for target 'cmTC_666a0/fast' failed
make: *** [cmTC_666a0/fast] Error 2

Source file was:

          #include <altivec.h>
          vector unsigned int vzero() {
              return vec_splat_u32(0);
          }
          int main(int argc, char **argv) { }
Performing C SOURCE FILE Test HAVE_ALTIVEC failed with the following output:
Change Dir: /home/hugo/Desktop/programming/Sdl/build/CMakeFiles/CMakeTmp

Run Build Command:"/usr/bin/make" "cmTC_aa63e/fast"
/usr/bin/make -f CMakeFiles/cmTC_aa63e.dir/build.make CMakeFiles/cmTC_aa63e.dir/build
make[1]: Entering directory '/home/hugo/Desktop/programming/Sdl/build/CMakeFiles/CMakeTmp'
Building C object CMakeFiles/cmTC_aa63e.dir/src.c.o
/usr/bin/cc    -g -O3 -DHAVE_ALTIVEC -maltivec   -o CMakeFiles/cmTC_aa63e.dir/src.c.o   -c /home/hugo/Desktop/programming/Sdl/build/CMakeFiles/CMakeTmp/src.c
cc: error: unrecognized command line option ‘-maltivec’
CMakeFiles/cmTC_aa63e.dir/build.make:65: recipe for target 'CMakeFiles/cmTC_aa63e.dir/src.c.o' failed
make[1]: *** [CMakeFiles/cmTC_aa63e.dir/src.c.o] Error 1
make[1]: Leaving directory '/home/hugo/Desktop/programming/Sdl/build/CMakeFiles/CMakeTmp'
Makefile:126: recipe for target 'cmTC_aa63e/fast' failed
make: *** [cmTC_aa63e/fast] Error 2

Source file was:

          vector unsigned int vzero() {
              return vec_splat_u32(0);
          }
          int main(int argc, char **argv) { }
Determining if the function strlcpy exists failed with the following output:
Change Dir: /home/hugo/Desktop/programming/Sdl/build/CMakeFiles/CMakeTmp

Run Build Command:"/usr/bin/make" "cmTC_6ff8f/fast"
/usr/bin/make -f CMakeFiles/cmTC_6ff8f.dir/build.make CMakeFiles/cmTC_6ff8f.dir/build
make[1]: Entering directory '/home/hugo/Desktop/programming/Sdl/build/CMakeFiles/CMakeTmp'
Building C object CMakeFiles/cmTC_6ff8f.dir/CheckFunctionExists.c.o
/usr/bin/cc    -g -O3 -DCHECK_FUNCTION_EXISTS=strlcpy   -o CMakeFiles/cmTC_6ff8f.dir/CheckFunctionExists.c.o   -c /usr/share/cmake-3.5/Modules/CheckFunctionExists.c
Linking C executable cmTC_6ff8f
/usr/bin/cmake -E cmake_link_script CMakeFiles/cmTC_6ff8f.dir/link.txt --verbose=1
/usr/bin/cc  -g -O3 -DCHECK_FUNCTION_EXISTS=strlcpy    CMakeFiles/cmTC_6ff8f.dir/CheckFunctionExists.c.o  -o cmTC_6ff8f -rdynamic 
CMakeFiles/cmTC_6ff8f.dir/CheckFunctionExists.c.o: In function `main':
/usr/share/cmake-3.5/Modules/CheckFunctionExists.c:14: undefined reference to `strlcpy'
collect2: error: ld returned 1 exit status
CMakeFiles/cmTC_6ff8f.dir/build.make:97: recipe for target 'cmTC_6ff8f' failed
make[1]: *** [cmTC_6ff8f] Error 1
make[1]: Leaving directory '/home/hugo/Desktop/programming/Sdl/build/CMakeFiles/CMakeTmp'
Makefile:126: recipe for target 'cmTC_6ff8f/fast' failed
make: *** [cmTC_6ff8f/fast] Error 2


Determining if the function strlcat exists failed with the following output:
Change Dir: /home/hugo/Desktop/programming/Sdl/build/CMakeFiles/CMakeTmp

Run Build Command:"/usr/bin/make" "cmTC_0c380/fast"
/usr/bin/make -f CMakeFiles/cmTC_0c380.dir/build.make CMakeFiles/cmTC_0c380.dir/build
make[1]: Entering directory '/home/hugo/Desktop/programming/Sdl/build/CMakeFiles/CMakeTmp'
Building C object CMakeFiles/cmTC_0c380.dir/CheckFunctionExists.c.o
/usr/bin/cc    -g -O3 -DCHECK_FUNCTION_EXISTS=strlcat   -o CMakeFiles/cmTC_0c380.dir/CheckFunctionExists.c.o   -c /usr/share/cmake-3.5/Modules/CheckFunctionExists.c
Linking C executable cmTC_0c380
/usr/bin/cmake -E cmake_link_script CMakeFiles/cmTC_0c380.dir/link.txt --verbose=1
/usr/bin/cc  -g -O3 -DCHECK_FUNCTION_EXISTS=strlcat    CMakeFiles/cmTC_0c380.dir/CheckFunctionExists.c.o  -o cmTC_0c380 -rdynamic 
CMakeFiles/cmTC_0c380.dir/CheckFunctionExists.c.o: In function `main':
/usr/share/cmake-3.5/Modules/CheckFunctionExists.c:14: undefined reference to `strlcat'
collect2: error: ld returned 1 exit status
CMakeFiles/cmTC_0c380.dir/build.make:97: recipe for target 'cmTC_0c380' failed
make[1]: *** [cmTC_0c380] Error 1
make[1]: Leaving directory '/home/hugo/Desktop/programming/Sdl/build/CMakeFiles/CMakeTmp'
Makefile:126: recipe for target 'cmTC_0c380/fast' failed
make: *** [cmTC_0c380/fast] Error 2


Determining if the function _strrev exists failed with the following output:
Change Dir: /home/hugo/Desktop/programming/Sdl/build/CMakeFiles/CMakeTmp

Run Build Command:"/usr/bin/make" "cmTC_85e6e/fast"
/usr/bin/make -f CMakeFiles/cmTC_85e6e.dir/build.make CMakeFiles/cmTC_85e6e.dir/build
make[1]: Entering directory '/home/hugo/Desktop/programming/Sdl/build/CMakeFiles/CMakeTmp'
Building C object CMakeFiles/cmTC_85e6e.dir/CheckFunctionExists.c.o
/usr/bin/cc    -g -O3 -DCHECK_FUNCTION_EXISTS=_strrev   -o CMakeFiles/cmTC_85e6e.dir/CheckFunctionExists.c.o   -c /usr/share/cmake-3.5/Modules/CheckFunctionExists.c
Linking C executable cmTC_85e6e
/usr/bin/cmake -E cmake_link_script CMakeFiles/cmTC_85e6e.dir/link.txt --verbose=1
/usr/bin/cc  -g -O3 -DCHECK_FUNCTION_EXISTS=_strrev    CMakeFiles/cmTC_85e6e.dir/CheckFunctionExists.c.o  -o cmTC_85e6e -rdynamic 
CMakeFiles/cmTC_85e6e.dir/CheckFunctionExists.c.o: In function `main':
/usr/share/cmake-3.5/Modules/CheckFunctionExists.c:14: undefined reference to `_strrev'
collect2: error: ld returned 1 exit status
CMakeFiles/cmTC_85e6e.dir/build.make:97: recipe for target 'cmTC_85e6e' failed
make[1]: *** [cmTC_85e6e] Error 1
make[1]: Leaving directory '/home/hugo/Desktop/programming/Sdl/build/CMakeFiles/CMakeTmp'
Makefile:126: recipe for target 'cmTC_85e6e/fast' failed
make: *** [cmTC_85e6e/fast] Error 2


Determining if the function _strupr exists failed with the following output:
Change Dir: /home/hugo/Desktop/programming/Sdl/build/CMakeFiles/CMakeTmp

Run Build Command:"/usr/bin/make" "cmTC_fdb28/fast"
/usr/bin/make -f CMakeFiles/cmTC_fdb28.dir/build.make CMakeFiles/cmTC_fdb28.dir/build
make[1]: Entering directory '/home/hugo/Desktop/programming/Sdl/build/CMakeFiles/CMakeTmp'
Building C object CMakeFiles/cmTC_fdb28.dir/CheckFunctionExists.c.o
/usr/bin/cc    -g -O3 -DCHECK_FUNCTION_EXISTS=_strupr   -o CMakeFiles/cmTC_fdb28.dir/CheckFunctionExists.c.o   -c /usr/share/cmake-3.5/Modules/CheckFunctionExists.c
Linking C executable cmTC_fdb28
/usr/bin/cmake -E cmake_link_script CMakeFiles/cmTC_fdb28.dir/link.txt --verbose=1
/usr/bin/cc  -g -O3 -DCHECK_FUNCTION_EXISTS=_strupr    CMakeFiles/cmTC_fdb28.dir/CheckFunctionExists.c.o  -o cmTC_fdb28 -rdynamic 
CMakeFiles/cmTC_fdb28.dir/CheckFunctionExists.c.o: In function `main':
/usr/share/cmake-3.5/Modules/CheckFunctionExists.c:14: undefined reference to `_strupr'
collect2: error: ld returned 1 exit status
CMakeFiles/cmTC_fdb28.dir/build.make:97: recipe for target 'cmTC_fdb28' failed
make[1]: *** [cmTC_fdb28] Error 1
make[1]: Leaving directory '/home/hugo/Desktop/programming/Sdl/build/CMakeFiles/CMakeTmp'
Makefile:126: recipe for target 'cmTC_fdb28/fast' failed
make: *** [cmTC_fdb28/fast] Error 2


Determining if the function _strlwr exists failed with the following output:
Change Dir: /home/hugo/Desktop/programming/Sdl/build/CMakeFiles/CMakeTmp

Run Build Command:"/usr/bin/make" "cmTC_569f0/fast"
/usr/bin/make -f CMakeFiles/cmTC_569f0.dir/build.make CMakeFiles/cmTC_569f0.dir/build
make[1]: Entering directory '/home/hugo/Desktop/programming/Sdl/build/CMakeFiles/CMakeTmp'
Building C object CMakeFiles/cmTC_569f0.dir/CheckFunctionExists.c.o
/usr/bin/cc    -g -O3 -DCHECK_FUNCTION_EXISTS=_strlwr   -o CMakeFiles/cmTC_569f0.dir/CheckFunctionExists.c.o   -c /usr/share/cmake-3.5/Modules/CheckFunctionExists.c
Linking C executable cmTC_569f0
/usr/bin/cmake -E cmake_link_script CMakeFiles/cmTC_569f0.dir/link.txt --verbose=1
/usr/bin/cc  -g -O3 -DCHECK_FUNCTION_EXISTS=_strlwr    CMakeFiles/cmTC_569f0.dir/CheckFunctionExists.c.o  -o cmTC_569f0 -rdynamic 
CMakeFiles/cmTC_569f0.dir/CheckFunctionExists.c.o: In function `main':
/usr/share/cmake-3.5/Modules/CheckFunctionExists.c:14: undefined reference to `_strlwr'
collect2: error: ld returned 1 exit status
CMakeFiles/cmTC_569f0.dir/build.make:97: recipe for target 'cmTC_569f0' failed
make[1]: *** [cmTC_569f0] Error 1
make[1]: Leaving directory '/home/hugo/Desktop/programming/Sdl/build/CMakeFiles/CMakeTmp'
Makefile:126: recipe for target 'cmTC_569f0/fast' failed
make: *** [cmTC_569f0/fast] Error 2


Determining if the function itoa exists failed with the following output:
Change Dir: /home/hugo/Desktop/programming/Sdl/build/CMakeFiles/CMakeTmp

Run Build Command:"/usr/bin/make" "cmTC_cd39a/fast"
/usr/bin/make -f CMakeFiles/cmTC_cd39a.dir/build.make CMakeFiles/cmTC_cd39a.dir/build
make[1]: Entering directory '/home/hugo/Desktop/programming/Sdl/build/CMakeFiles/CMakeTmp'
Building C object CMakeFiles/cmTC_cd39a.dir/CheckFunctionExists.c.o
/usr/bin/cc    -g -O3 -DCHECK_FUNCTION_EXISTS=itoa   -o CMakeFiles/cmTC_cd39a.dir/CheckFunctionExists.c.o   -c /usr/share/cmake-3.5/Modules/CheckFunctionExists.c
Linking C executable cmTC_cd39a
/usr/bin/cmake -E cmake_link_script CMakeFiles/cmTC_cd39a.dir/link.txt --verbose=1
/usr/bin/cc  -g -O3 -DCHECK_FUNCTION_EXISTS=itoa    CMakeFiles/cmTC_cd39a.dir/CheckFunctionExists.c.o  -o cmTC_cd39a -rdynamic 
CMakeFiles/cmTC_cd39a.dir/CheckFunctionExists.c.o: In function `main':
/usr/share/cmake-3.5/Modules/CheckFunctionExists.c:14: undefined reference to `itoa'
collect2: error: ld returned 1 exit status
CMakeFiles/cmTC_cd39a.dir/build.make:97: recipe for target 'cmTC_cd39a' failed
make[1]: *** [cmTC_cd39a] Error 1
make[1]: Leaving directory '/home/hugo/Desktop/programming/Sdl/build/CMakeFiles/CMakeTmp'
Makefile:126: recipe for target 'cmTC_cd39a/fast' failed
make: *** [cmTC_cd39a/fast] Error 2


Determining if the function _ltoa exists failed with the following output:
Change Dir: /home/hugo/Desktop/programming/Sdl/build/CMakeFiles/CMakeTmp

Run Build Command:"/usr/bin/make" "cmTC_1a971/fast"
/usr/bin/make -f CMakeFiles/cmTC_1a971.dir/build.make CMakeFiles/cmTC_1a971.dir/build
make[1]: Entering directory '/home/hugo/Desktop/programming/Sdl/build/CMakeFiles/CMakeTmp'
Building C object CMakeFiles/cmTC_1a971.dir/CheckFunctionExists.c.o
/usr/bin/cc    -g -O3 -DCHECK_FUNCTION_EXISTS=_ltoa   -o CMakeFiles/cmTC_1a971.dir/CheckFunctionExists.c.o   -c /usr/share/cmake-3.5/Modules/CheckFunctionExists.c
Linking C executable cmTC_1a971
/usr/bin/cmake -E cmake_link_script CMakeFiles/cmTC_1a971.dir/link.txt --verbose=1
/usr/bin/cc  -g -O3 -DCHECK_FUNCTION_EXISTS=_ltoa    CMakeFiles/cmTC_1a971.dir/CheckFunctionExists.c.o  -o cmTC_1a971 -rdynamic 
CMakeFiles/cmTC_1a971.dir/CheckFunctionExists.c.o: In function `main':
/usr/share/cmake-3.5/Modules/CheckFunctionExists.c:14: undefined reference to `_ltoa'
collect2: error: ld returned 1 exit status
CMakeFiles/cmTC_1a971.dir/build.make:97: recipe for target 'cmTC_1a971' failed
make[1]: *** [cmTC_1a971] Error 1
make[1]: Leaving directory '/home/hugo/Desktop/programming/Sdl/build/CMakeFiles/CMakeTmp'
Makefile:126: recipe for target 'cmTC_1a971/fast' failed
make: *** [cmTC_1a971/fast] Error 2


Determining if the function _uitoa exists failed with the following output:
Change Dir: /home/hugo/Desktop/programming/Sdl/build/CMakeFiles/CMakeTmp

Run Build Command:"/usr/bin/make" "cmTC_75b33/fast"
/usr/bin/make -f CMakeFiles/cmTC_75b33.dir/build.make CMakeFiles/cmTC_75b33.dir/build
make[1]: Entering directory '/home/hugo/Desktop/programming/Sdl/build/CMakeFiles/CMakeTmp'
Building C object CMakeFiles/cmTC_75b33.dir/CheckFunctionExists.c.o
/usr/bin/cc    -g -O3 -DCHECK_FUNCTION_EXISTS=_uitoa   -o CMakeFiles/cmTC_75b33.dir/CheckFunctionExists.c.o   -c /usr/share/cmake-3.5/Modules/CheckFunctionExists.c
Linking C executable cmTC_75b33
/usr/bin/cmake -E cmake_link_script CMakeFiles/cmTC_75b33.dir/link.txt --verbose=1
/usr/bin/cc  -g -O3 -DCHECK_FUNCTION_EXISTS=_uitoa    CMakeFiles/cmTC_75b33.dir/CheckFunctionExists.c.o  -o cmTC_75b33 -rdynamic 
CMakeFiles/cmTC_75b33.dir/CheckFunctionExists.c.o: In function `main':
/usr/share/cmake-3.5/Modules/CheckFunctionExists.c:14: undefined reference to `_uitoa'
collect2: error: ld returned 1 exit status
CMakeFiles/cmTC_75b33.dir/build.make:97: recipe for target 'cmTC_75b33' failed
make[1]: *** [cmTC_75b33] Error 1
make[1]: Leaving directory '/home/hugo/Desktop/programming/Sdl/build/CMakeFiles/CMakeTmp'
Makefile:126: recipe for target 'cmTC_75b33/fast' failed
make: *** [cmTC_75b33/fast] Error 2


Determining if the function _ultoa exists failed with the following output:
Change Dir: /home/hugo/Desktop/programming/Sdl/build/CMakeFiles/CMakeTmp

Run Build Command:"/usr/bin/make" "cmTC_da94b/fast"
/usr/bin/make -f CMakeFiles/cmTC_da94b.dir/build.make CMakeFiles/cmTC_da94b.dir/build
make[1]: Entering directory '/home/hugo/Desktop/programming/Sdl/build/CMakeFiles/CMakeTmp'
Building C object CMakeFiles/cmTC_da94b.dir/CheckFunctionExists.c.o
/usr/bin/cc    -g -O3 -DCHECK_FUNCTION_EXISTS=_ultoa   -o CMakeFiles/cmTC_da94b.dir/CheckFunctionExists.c.o   -c /usr/share/cmake-3.5/Modules/CheckFunctionExists.c
Linking C executable cmTC_da94b
/usr/bin/cmake -E cmake_link_script CMakeFiles/cmTC_da94b.dir/link.txt --verbose=1
/usr/bin/cc  -g -O3 -DCHECK_FUNCTION_EXISTS=_ultoa    CMakeFiles/cmTC_da94b.dir/CheckFunctionExists.c.o  -o cmTC_da94b -rdynamic 
CMakeFiles/cmTC_da94b.dir/CheckFunctionExists.c.o: In function `main':
/usr/share/cmake-3.5/Modules/CheckFunctionExists.c:14: undefined reference to `_ultoa'
collect2: error: ld returned 1 exit status
CMakeFiles/cmTC_da94b.dir/build.make:97: recipe for target 'cmTC_da94b' failed
make[1]: *** [cmTC_da94b] Error 1
make[1]: Leaving directory '/home/hugo/Desktop/programming/Sdl/build/CMakeFiles/CMakeTmp'
Makefile:126: recipe for target 'cmTC_da94b/fast' failed
make: *** [cmTC_da94b/fast] Error 2


Determining if the function _i64toa exists failed with the following output:
Change Dir: /home/hugo/Desktop/programming/Sdl/build/CMakeFiles/CMakeTmp

Run Build Command:"/usr/bin/make" "cmTC_c11a1/fast"
/usr/bin/make -f CMakeFiles/cmTC_c11a1.dir/build.make CMakeFiles/cmTC_c11a1.dir/build
make[1]: Entering directory '/home/hugo/Desktop/programming/Sdl/build/CMakeFiles/CMakeTmp'
Building C object CMakeFiles/cmTC_c11a1.dir/CheckFunctionExists.c.o
/usr/bin/cc    -g -O3 -DCHECK_FUNCTION_EXISTS=_i64toa   -o CMakeFiles/cmTC_c11a1.dir/CheckFunctionExists.c.o   -c /usr/share/cmake-3.5/Modules/CheckFunctionExists.c
Linking C executable cmTC_c11a1
/usr/bin/cmake -E cmake_link_script CMakeFiles/cmTC_c11a1.dir/link.txt --verbose=1
/usr/bin/cc  -g -O3 -DCHECK_FUNCTION_EXISTS=_i64toa    CMakeFiles/cmTC_c11a1.dir/CheckFunctionExists.c.o  -o cmTC_c11a1 -rdynamic 
CMakeFiles/cmTC_c11a1.dir/CheckFunctionExists.c.o: In function `main':
/usr/share/cmake-3.5/Modules/CheckFunctionExists.c:14: undefined reference to `_i64toa'
collect2: error: ld returned 1 exit status
CMakeFiles/cmTC_c11a1.dir/build.make:97: recipe for target 'cmTC_c11a1' failed
make[1]: *** [cmTC_c11a1] Error 1
make[1]: Leaving directory '/home/hugo/Desktop/programming/Sdl/build/CMakeFiles/CMakeTmp'
Makefile:126: recipe for target 'cmTC_c11a1/fast' failed
make: *** [cmTC_c11a1/fast] Error 2


Determining if the function _ui64toa exists failed with the following output:
Change Dir: /home/hugo/Desktop/programming/Sdl/build/CMakeFiles/CMakeTmp

Run Build Command:"/usr/bin/make" "cmTC_9bbc0/fast"
/usr/bin/make -f CMakeFiles/cmTC_9bbc0.dir/build.make CMakeFiles/cmTC_9bbc0.dir/build
make[1]: Entering directory '/home/hugo/Desktop/programming/Sdl/build/CMakeFiles/CMakeTmp'
Building C object CMakeFiles/cmTC_9bbc0.dir/CheckFunctionExists.c.o
/usr/bin/cc    -g -O3 -DCHECK_FUNCTION_EXISTS=_ui64toa   -o CMakeFiles/cmTC_9bbc0.dir/CheckFunctionExists.c.o   -c /usr/share/cmake-3.5/Modules/CheckFunctionExists.c
Linking C executable cmTC_9bbc0
/usr/bin/cmake -E cmake_link_script CMakeFiles/cmTC_9bbc0.dir/link.txt --verbose=1
/usr/bin/cc  -g -O3 -DCHECK_FUNCTION_EXISTS=_ui64toa    CMakeFiles/cmTC_9bbc0.dir/CheckFunctionExists.c.o  -o cmTC_9bbc0 -rdynamic 
CMakeFiles/cmTC_9bbc0.dir/CheckFunctionExists.c.o: In function `main':
/usr/share/cmake-3.5/Modules/CheckFunctionExists.c:14: undefined reference to `_ui64toa'
collect2: error: ld returned 1 exit status
CMakeFiles/cmTC_9bbc0.dir/build.make:97: recipe for target 'cmTC_9bbc0' failed
make[1]: *** [cmTC_9bbc0] Error 1
make[1]: Leaving directory '/home/hugo/Desktop/programming/Sdl/build/CMakeFiles/CMakeTmp'
Makefile:126: recipe for target 'cmTC_9bbc0/fast' failed
make: *** [cmTC_9bbc0/fast] Error 2


Determining if the function _stricmp exists failed with the following output:
Change Dir: /home/hugo/Desktop/programming/Sdl/build/CMakeFiles/CMakeTmp

Run Build Command:"/usr/bin/make" "cmTC_959de/fast"
/usr/bin/make -f CMakeFiles/cmTC_959de.dir/build.make CMakeFiles/cmTC_959de.dir/build
make[1]: Entering directory '/home/hugo/Desktop/programming/Sdl/build/CMakeFiles/CMakeTmp'
Building C object CMakeFiles/cmTC_959de.dir/CheckFunctionExists.c.o
/usr/bin/cc    -g -O3 -DCHECK_FUNCTION_EXISTS=_stricmp   -o CMakeFiles/cmTC_959de.dir/CheckFunctionExists.c.o   -c /usr/share/cmake-3.5/Modules/CheckFunctionExists.c
Linking C executable cmTC_959de
/usr/bin/cmake -E cmake_link_script CMakeFiles/cmTC_959de.dir/link.txt --verbose=1
/usr/bin/cc  -g -O3 -DCHECK_FUNCTION_EXISTS=_stricmp    CMakeFiles/cmTC_959de.dir/CheckFunctionExists.c.o  -o cmTC_959de -rdynamic 
CMakeFiles/cmTC_959de.dir/CheckFunctionExists.c.o: In function `main':
/usr/share/cmake-3.5/Modules/CheckFunctionExists.c:14: undefined reference to `_stricmp'
collect2: error: ld returned 1 exit status
CMakeFiles/cmTC_959de.dir/build.make:97: recipe for target 'cmTC_959de' failed
make[1]: *** [cmTC_959de] Error 1
make[1]: Leaving directory '/home/hugo/Desktop/programming/Sdl/build/CMakeFiles/CMakeTmp'
Makefile:126: recipe for target 'cmTC_959de/fast' failed
make: *** [cmTC_959de/fast] Error 2


Determining if the function _strnicmp exists failed with the following output:
Change Dir: /home/hugo/Desktop/programming/Sdl/build/CMakeFiles/CMakeTmp

Run Build Command:"/usr/bin/make" "cmTC_93535/fast"
/usr/bin/make -f CMakeFiles/cmTC_93535.dir/build.make CMakeFiles/cmTC_93535.dir/build
make[1]: Entering directory '/home/hugo/Desktop/programming/Sdl/build/CMakeFiles/CMakeTmp'
Building C object CMakeFiles/cmTC_93535.dir/CheckFunctionExists.c.o
/usr/bin/cc    -g -O3 -DCHECK_FUNCTION_EXISTS=_strnicmp   -o CMakeFiles/cmTC_93535.dir/CheckFunctionExists.c.o   -c /usr/share/cmake-3.5/Modules/CheckFunctionExists.c
Linking C executable cmTC_93535
/usr/bin/cmake -E cmake_link_script CMakeFiles/cmTC_93535.dir/link.txt --verbose=1
/usr/bin/cc  -g -O3 -DCHECK_FUNCTION_EXISTS=_strnicmp    CMakeFiles/cmTC_93535.dir/CheckFunctionExists.c.o  -o cmTC_93535 -rdynamic 
CMakeFiles/cmTC_93535.dir/CheckFunctionExists.c.o: In function `main':
/usr/share/cmake-3.5/Modules/CheckFunctionExists.c:14: undefined reference to `_strnicmp'
collect2: error: ld returned 1 exit status
CMakeFiles/cmTC_93535.dir/build.make:97: recipe for target 'cmTC_93535' failed
make[1]: *** [cmTC_93535] Error 1
make[1]: Leaving directory '/home/hugo/Desktop/programming/Sdl/build/CMakeFiles/CMakeTmp'
Makefile:126: recipe for target 'cmTC_93535/fast' failed
make: *** [cmTC_93535/fast] Error 2


Determining if the function sysctlbyname exists failed with the following output:
Change Dir: /home/hugo/Desktop/programming/Sdl/build/CMakeFiles/CMakeTmp

Run Build Command:"/usr/bin/make" "cmTC_c8c08/fast"
/usr/bin/make -f CMakeFiles/cmTC_c8c08.dir/build.make CMakeFiles/cmTC_c8c08.dir/build
make[1]: Entering directory '/home/hugo/Desktop/programming/Sdl/build/CMakeFiles/CMakeTmp'
Building C object CMakeFiles/cmTC_c8c08.dir/CheckFunctionExists.c.o
/usr/bin/cc    -g -O3 -DCHECK_FUNCTION_EXISTS=sysctlbyname   -o CMakeFiles/cmTC_c8c08.dir/CheckFunctionExists.c.o   -c /usr/share/cmake-3.5/Modules/CheckFunctionExists.c
Linking C executable cmTC_c8c08
/usr/bin/cmake -E cmake_link_script CMakeFiles/cmTC_c8c08.dir/link.txt --verbose=1
/usr/bin/cc  -g -O3 -DCHECK_FUNCTION_EXISTS=sysctlbyname    CMakeFiles/cmTC_c8c08.dir/CheckFunctionExists.c.o  -o cmTC_c8c08 -rdynamic 
CMakeFiles/cmTC_c8c08.dir/CheckFunctionExists.c.o: In function `main':
/usr/share/cmake-3.5/Modules/CheckFunctionExists.c:14: undefined reference to `sysctlbyname'
collect2: error: ld returned 1 exit status
CMakeFiles/cmTC_c8c08.dir/build.make:97: recipe for target 'cmTC_c8c08' failed
make[1]: *** [cmTC_c8c08] Error 1
make[1]: Leaving directory '/home/hugo/Desktop/programming/Sdl/build/CMakeFiles/CMakeTmp'
Makefile:126: recipe for target 'cmTC_c8c08/fast' failed
make: *** [cmTC_c8c08/fast] Error 2


Determining if the function iconv_open exists in the iconv failed with the following output:
Change Dir: /home/hugo/Desktop/programming/Sdl/build/CMakeFiles/CMakeTmp

Run Build Command:"/usr/bin/make" "cmTC_81eaa/fast"
/usr/bin/make -f CMakeFiles/cmTC_81eaa.dir/build.make CMakeFiles/cmTC_81eaa.dir/build
make[1]: Entering directory '/home/hugo/Desktop/programming/Sdl/build/CMakeFiles/CMakeTmp'
Building C object CMakeFiles/cmTC_81eaa.dir/CheckFunctionExists.c.o
/usr/bin/cc    -g -O3 -DCHECK_FUNCTION_EXISTS=iconv_open   -o CMakeFiles/cmTC_81eaa.dir/CheckFunctionExists.c.o   -c /usr/share/cmake-3.5/Modules/CheckFunctionExists.c
Linking C executable cmTC_81eaa
/usr/bin/cmake -E cmake_link_script CMakeFiles/cmTC_81eaa.dir/link.txt --verbose=1
/usr/bin/cc  -g -O3 -DCHECK_FUNCTION_EXISTS=iconv_open    CMakeFiles/cmTC_81eaa.dir/CheckFunctionExists.c.o  -o cmTC_81eaa -rdynamic -liconv 
/usr/bin/ld: cannot find -liconv
collect2: error: ld returned 1 exit status
CMakeFiles/cmTC_81eaa.dir/build.make:97: recipe for target 'cmTC_81eaa' failed
make[1]: *** [cmTC_81eaa] Error 1
make[1]: Leaving directory '/home/hugo/Desktop/programming/Sdl/build/CMakeFiles/CMakeTmp'
Makefile:126: recipe for target 'cmTC_81eaa/fast' failed
make: *** [cmTC_81eaa/fast] Error 2


Determining if the function alloca exists failed with the following output:
Change Dir: /home/hugo/Desktop/programming/Sdl/build/CMakeFiles/CMakeTmp

Run Build Command:"/usr/bin/make" "cmTC_b57c2/fast"
/usr/bin/make -f CMakeFiles/cmTC_b57c2.dir/build.make CMakeFiles/cmTC_b57c2.dir/build
make[1]: Entering directory '/home/hugo/Desktop/programming/Sdl/build/CMakeFiles/CMakeTmp'
Building C object CMakeFiles/cmTC_b57c2.dir/CheckFunctionExists.c.o
/usr/bin/cc    -g -O3 -DCHECK_FUNCTION_EXISTS=alloca   -o CMakeFiles/cmTC_b57c2.dir/CheckFunctionExists.c.o   -c /usr/share/cmake-3.5/Modules/CheckFunctionExists.c
<command-line>:0:23: warning: conflicting types for built-in function ‘alloca’
/usr/share/cmake-3.5/Modules/CheckFunctionExists.c:6:6: note: in expansion of macro ‘CHECK_FUNCTION_EXISTS’
 char CHECK_FUNCTION_EXISTS();
      ^
Linking C executable cmTC_b57c2
/usr/bin/cmake -E cmake_link_script CMakeFiles/cmTC_b57c2.dir/link.txt --verbose=1
/usr/bin/cc  -g -O3 -DCHECK_FUNCTION_EXISTS=alloca    CMakeFiles/cmTC_b57c2.dir/CheckFunctionExists.c.o  -o cmTC_b57c2 -rdynamic 
CMakeFiles/cmTC_b57c2.dir/CheckFunctionExists.c.o: In function `main':
/usr/share/cmake-3.5/Modules/CheckFunctionExists.c:14: undefined reference to `alloca'
collect2: error: ld returned 1 exit status
CMakeFiles/cmTC_b57c2.dir/build.make:97: recipe for target 'cmTC_b57c2' failed
make[1]: *** [cmTC_b57c2] Error 1
make[1]: Leaving directory '/home/hugo/Desktop/programming/Sdl/build/CMakeFiles/CMakeTmp'
Makefile:126: recipe for target 'cmTC_b57c2/fast' failed
make: *** [cmTC_b57c2/fast] Error 2


Determining if the function dlopen exists failed with the following output:
Change Dir: /home/hugo/Desktop/programming/Sdl/build/CMakeFiles/CMakeTmp

Run Build Command:"/usr/bin/make" "cmTC_52764/fast"
/usr/bin/make -f CMakeFiles/cmTC_52764.dir/build.make CMakeFiles/cmTC_52764.dir/build
make[1]: Entering directory '/home/hugo/Desktop/programming/Sdl/build/CMakeFiles/CMakeTmp'
Building C object CMakeFiles/cmTC_52764.dir/CheckFunctionExists.c.o
/usr/bin/cc    -g -O3 -DCHECK_FUNCTION_EXISTS=dlopen   -o CMakeFiles/cmTC_52764.dir/CheckFunctionExists.c.o   -c /usr/share/cmake-3.5/Modules/CheckFunctionExists.c
Linking C executable cmTC_52764
/usr/bin/cmake -E cmake_link_script CMakeFiles/cmTC_52764.dir/link.txt --verbose=1
/usr/bin/cc  -g -O3 -DCHECK_FUNCTION_EXISTS=dlopen    CMakeFiles/cmTC_52764.dir/CheckFunctionExists.c.o  -o cmTC_52764 -rdynamic 
CMakeFiles/cmTC_52764.dir/CheckFunctionExists.c.o: In function `main':
/usr/share/cmake-3.5/Modules/CheckFunctionExists.c:14: undefined reference to `dlopen'
collect2: error: ld returned 1 exit status
CMakeFiles/cmTC_52764.dir/build.make:97: recipe for target 'cmTC_52764' failed
make[1]: *** [cmTC_52764] Error 1
make[1]: Leaving directory '/home/hugo/Desktop/programming/Sdl/build/CMakeFiles/CMakeTmp'
Makefile:126: recipe for target 'cmTC_52764/fast' failed
make: *** [cmTC_52764/fast] Error 2


Determining if the include file audio/audiolib.h exists failed with the following output:
Change Dir: /home/hugo/Desktop/programming/Sdl/build/CMakeFiles/CMakeTmp

Run Build Command:"/usr/bin/make" "cmTC_5975a/fast"
/usr/bin/make -f CMakeFiles/cmTC_5975a.dir/build.make CMakeFiles/cmTC_5975a.dir/build
make[1]: Entering directory '/home/hugo/Desktop/programming/Sdl/build/CMakeFiles/CMakeTmp'
Building C object CMakeFiles/cmTC_5975a.dir/CheckIncludeFile.c.o
/usr/bin/cc    -g -O3    -o CMakeFiles/cmTC_5975a.dir/CheckIncludeFile.c.o   -c /home/hugo/Desktop/programming/Sdl/build/CMakeFiles/CMakeTmp/CheckIncludeFile.c
/home/hugo/Desktop/programming/Sdl/build/CMakeFiles/CMakeTmp/CheckIncludeFile.c:1:28: fatal error: audio/audiolib.h: No such file or directory
compilation terminated.
CMakeFiles/cmTC_5975a.dir/build.make:65: recipe for target 'CMakeFiles/cmTC_5975a.dir/CheckIncludeFile.c.o' failed
make[1]: *** [CMakeFiles/cmTC_5975a.dir/CheckIncludeFile.c.o] Error 1
make[1]: Leaving directory '/home/hugo/Desktop/programming/Sdl/build/CMakeFiles/CMakeTmp'
Makefile:126: recipe for target 'cmTC_5975a/fast' failed
make: *** [cmTC_5975a/fast] Error 2


Performing C SOURCE FILE Test HAVE_VIDEO_RPI failed with the following output:
Change Dir: /home/hugo/Desktop/programming/Sdl/build/CMakeFiles/CMakeTmp

Run Build Command:"/usr/bin/make" "cmTC_40160/fast"
/usr/bin/make -f CMakeFiles/cmTC_40160.dir/build.make CMakeFiles/cmTC_40160.dir/build
make[1]: Entering directory '/home/hugo/Desktop/programming/Sdl/build/CMakeFiles/CMakeTmp'
Building C object CMakeFiles/cmTC_40160.dir/src.c.o
/usr/bin/cc    -g -O3 -DHAVE_VIDEO_RPI -I/opt/vc/include/interface/vmcs_host/linux/ -I/opt/vc/include/interface/vcos/pthreads -I/opt/vc/include  -L/opt/vc/lib   -o CMakeFiles/cmTC_40160.dir/src.c.o   -c /home/hugo/Desktop/programming/Sdl/build/CMakeFiles/CMakeTmp/src.c
/home/hugo/Desktop/programming/Sdl/build/CMakeFiles/CMakeTmp/src.c:2:30: fatal error: bcm_host.h: No such file or directory
compilation terminated.
CMakeFiles/cmTC_40160.dir/build.make:65: recipe for target 'CMakeFiles/cmTC_40160.dir/src.c.o' failed
make[1]: *** [CMakeFiles/cmTC_40160.dir/src.c.o] Error 1
make[1]: Leaving directory '/home/hugo/Desktop/programming/Sdl/build/CMakeFiles/CMakeTmp'
Makefile:126: recipe for target 'cmTC_40160/fast' failed
make: *** [cmTC_40160/fast] Error 2

Source file was:

        #include <bcm_host.h>
        int main(int argc, char **argv) {}
Performing C SOURCE FILE Test HAVE_VIDEO_OPENGLES_V1 failed with the following output:
Change Dir: /home/hugo/Desktop/programming/Sdl/build/CMakeFiles/CMakeTmp

Run Build Command:"/usr/bin/make" "cmTC_45257/fast"
/usr/bin/make -f CMakeFiles/cmTC_45257.dir/build.make CMakeFiles/cmTC_45257.dir/build
make[1]: Entering directory '/home/hugo/Desktop/programming/Sdl/build/CMakeFiles/CMakeTmp'
Building C object CMakeFiles/cmTC_45257.dir/src.c.o
/usr/bin/cc    -g -O3 -DHAVE_VIDEO_OPENGLES_V1   -o CMakeFiles/cmTC_45257.dir/src.c.o   -c /home/hugo/Desktop/programming/Sdl/build/CMakeFiles/CMakeTmp/src.c
/home/hugo/Desktop/programming/Sdl/build/CMakeFiles/CMakeTmp/src.c:2:27: fatal error: GLES/gl.h: No such file or directory
compilation terminated.
CMakeFiles/cmTC_45257.dir/build.make:65: recipe for target 'CMakeFiles/cmTC_45257.dir/src.c.o' failed
make[1]: *** [CMakeFiles/cmTC_45257.dir/src.c.o] Error 1
make[1]: Leaving directory '/home/hugo/Desktop/programming/Sdl/build/CMakeFiles/CMakeTmp'
Makefile:126: recipe for target 'cmTC_45257/fast' failed
make: *** [cmTC_45257/fast] Error 2

Source file was:

      #include <GLES/gl.h>
      #include <GLES/glext.h>
      int main (int argc, char** argv) {}
Performing C SOURCE FILE Test HAVE_VIDEO_VIVANTE_VDK failed with the following output:
Change Dir: /home/hugo/Desktop/programming/Sdl/build/CMakeFiles/CMakeTmp

Run Build Command:"/usr/bin/make" "cmTC_4a963/fast"
/usr/bin/make -f CMakeFiles/cmTC_4a963.dir/build.make CMakeFiles/cmTC_4a963.dir/build
make[1]: Entering directory '/home/hugo/Desktop/programming/Sdl/build/CMakeFiles/CMakeTmp'
Building C object CMakeFiles/cmTC_4a963.dir/src.c.o
/usr/bin/cc    -g -O3 -DHAVE_VIDEO_VIVANTE_VDK   -o CMakeFiles/cmTC_4a963.dir/src.c.o   -c /home/hugo/Desktop/programming/Sdl/build/CMakeFiles/CMakeTmp/src.c
/home/hugo/Desktop/programming/Sdl/build/CMakeFiles/CMakeTmp/src.c:2:28: fatal error: gc_vdk.h: No such file or directory
compilation terminated.
CMakeFiles/cmTC_4a963.dir/build.make:65: recipe for target 'CMakeFiles/cmTC_4a963.dir/src.c.o' failed
make[1]: *** [CMakeFiles/cmTC_4a963.dir/src.c.o] Error 1
make[1]: Leaving directory '/home/hugo/Desktop/programming/Sdl/build/CMakeFiles/CMakeTmp'
Makefile:126: recipe for target 'cmTC_4a963/fast' failed
make: *** [cmTC_4a963/fast] Error 2

Source file was:

        #include <gc_vdk.h>
        int main(int argc, char** argv) {}
Performing C SOURCE FILE Test HAVE_VIDEO_VIVANTE_EGL_FB failed with the following output:
Change Dir: /home/hugo/Desktop/programming/Sdl/build/CMakeFiles/CMakeTmp

Run Build Command:"/usr/bin/make" "cmTC_c53f7/fast"
/usr/bin/make -f CMakeFiles/cmTC_c53f7.dir/build.make CMakeFiles/cmTC_c53f7.dir/build
make[1]: Entering directory '/home/hugo/Desktop/programming/Sdl/build/CMakeFiles/CMakeTmp'
Building C object CMakeFiles/cmTC_c53f7.dir/src.c.o
/usr/bin/cc    -g -O3 -DHAVE_VIDEO_VIVANTE_EGL_FB   -o CMakeFiles/cmTC_c53f7.dir/src.c.o   -c /home/hugo/Desktop/programming/Sdl/build/CMakeFiles/CMakeTmp/src.c
/home/hugo/Desktop/programming/Sdl/build/CMakeFiles/CMakeTmp/src.c:4:36: fatal error: EGL/eglvivante.h: No such file or directory
compilation terminated.
CMakeFiles/cmTC_c53f7.dir/build.make:65: recipe for target 'CMakeFiles/cmTC_c53f7.dir/src.c.o' failed
make[1]: *** [CMakeFiles/cmTC_c53f7.dir/src.c.o] Error 1
make[1]: Leaving directory '/home/hugo/Desktop/programming/Sdl/build/CMakeFiles/CMakeTmp'
Makefile:126: recipe for target 'cmTC_c53f7/fast' failed
make: *** [cmTC_c53f7/fast] Error 2

Source file was:

        #define LINUX
        #define EGL_API_FB
        #include <EGL/eglvivante.h>
        int main(int argc, char** argv) {}
Determining if the include file dbus/dbus.h exists failed with the following output:
Change Dir: /home/hugo/Desktop/programming/Sdl/build/CMakeFiles/CMakeTmp

Run Build Command:"/usr/bin/make" "cmTC_0781b/fast"
/usr/bin/make -f CMakeFiles/cmTC_0781b.dir/build.make CMakeFiles/cmTC_0781b.dir/build
make[1]: Entering directory '/home/hugo/Desktop/programming/Sdl/build/CMakeFiles/CMakeTmp'
Building C object CMakeFiles/cmTC_0781b.dir/CheckIncludeFile.c.o
/usr/bin/cc    -g -O3    -o CMakeFiles/cmTC_0781b.dir/CheckIncludeFile.c.o   -c /home/hugo/Desktop/programming/Sdl/build/CMakeFiles/CMakeTmp/CheckIncludeFile.c
/home/hugo/Desktop/programming/Sdl/build/CMakeFiles/CMakeTmp/CheckIncludeFile.c:1:23: fatal error: dbus/dbus.h: No such file or directory
compilation terminated.
CMakeFiles/cmTC_0781b.dir/build.make:65: recipe for target 'CMakeFiles/cmTC_0781b.dir/CheckIncludeFile.c.o' failed
make[1]: *** [CMakeFiles/cmTC_0781b.dir/CheckIncludeFile.c.o] Error 1
make[1]: Leaving directory '/home/hugo/Desktop/programming/Sdl/build/CMakeFiles/CMakeTmp'
Makefile:126: recipe for target 'cmTC_0781b/fast' failed
make: *** [cmTC_0781b/fast] Error 2


Performing C SOURCE FILE Test HAVE_INPUT_TSLIB failed with the following output:
Change Dir: /home/hugo/Desktop/programming/Sdl/build/CMakeFiles/CMakeTmp

Run Build Command:"/usr/bin/make" "cmTC_b7229/fast"
/usr/bin/make -f CMakeFiles/cmTC_b7229.dir/build.make CMakeFiles/cmTC_b7229.dir/build
make[1]: Entering directory '/home/hugo/Desktop/programming/Sdl/build/CMakeFiles/CMakeTmp'
Building C object CMakeFiles/cmTC_b7229.dir/src.c.o
/usr/bin/cc    -g -O3 -DHAVE_INPUT_TSLIB   -o CMakeFiles/cmTC_b7229.dir/src.c.o   -c /home/hugo/Desktop/programming/Sdl/build/CMakeFiles/CMakeTmp/src.c
/home/hugo/Desktop/programming/Sdl/build/CMakeFiles/CMakeTmp/src.c:2:27: fatal error: tslib.h: No such file or directory
compilation terminated.
CMakeFiles/cmTC_b7229.dir/build.make:65: recipe for target 'CMakeFiles/cmTC_b7229.dir/src.c.o' failed
make[1]: *** [CMakeFiles/cmTC_b7229.dir/src.c.o] Error 1
make[1]: Leaving directory '/home/hugo/Desktop/programming/Sdl/build/CMakeFiles/CMakeTmp'
Makefile:126: recipe for target 'cmTC_b7229/fast' failed
make: *** [cmTC_b7229/fast] Error 2

Source file was:

        #include "tslib.h"
        int main(int argc, char** argv) { }
Determining if the function hid_init exists in the usbhid failed with the following output:
Change Dir: /home/hugo/Desktop/programming/Sdl/build/CMakeFiles/CMakeTmp

Run Build Command:"/usr/bin/make" "cmTC_6d54c/fast"
/usr/bin/make -f CMakeFiles/cmTC_6d54c.dir/build.make CMakeFiles/cmTC_6d54c.dir/build
make[1]: Entering directory '/home/hugo/Desktop/programming/Sdl/build/CMakeFiles/CMakeTmp'
Building C object CMakeFiles/cmTC_6d54c.dir/CheckFunctionExists.c.o
/usr/bin/cc    -g -O3 -DCHECK_FUNCTION_EXISTS=hid_init   -o CMakeFiles/cmTC_6d54c.dir/CheckFunctionExists.c.o   -c /usr/share/cmake-3.5/Modules/CheckFunctionExists.c
Linking C executable cmTC_6d54c
/usr/bin/cmake -E cmake_link_script CMakeFiles/cmTC_6d54c.dir/link.txt --verbose=1
/usr/bin/cc  -g -O3 -DCHECK_FUNCTION_EXISTS=hid_init    CMakeFiles/cmTC_6d54c.dir/CheckFunctionExists.c.o  -o cmTC_6d54c -rdynamic -lusbhid 
/usr/bin/ld: cannot find -lusbhid
collect2: error: ld returned 1 exit status
CMakeFiles/cmTC_6d54c.dir/build.make:97: recipe for target 'cmTC_6d54c' failed
make[1]: *** [cmTC_6d54c] Error 1
make[1]: Leaving directory '/home/hugo/Desktop/programming/Sdl/build/CMakeFiles/CMakeTmp'
Makefile:126: recipe for target 'cmTC_6d54c/fast' failed
make: *** [cmTC_6d54c/fast] Error 2


Determining if the include file usb.h exists failed with the following output:
Change Dir: /home/hugo/Desktop/programming/Sdl/build/CMakeFiles/CMakeTmp

Run Build Command:"/usr/bin/make" "cmTC_7e54e/fast"
/usr/bin/make -f CMakeFiles/cmTC_7e54e.dir/build.make CMakeFiles/cmTC_7e54e.dir/build
make[1]: Entering directory '/home/hugo/Desktop/programming/Sdl/build/CMakeFiles/CMakeTmp'
Building C object CMakeFiles/cmTC_7e54e.dir/CheckIncludeFile.c.o
/usr/bin/cc    -g -O3    -o CMakeFiles/cmTC_7e54e.dir/CheckIncludeFile.c.o   -c /home/hugo/Desktop/programming/Sdl/build/CMakeFiles/CMakeTmp/CheckIncludeFile.c
/home/hugo/Desktop/programming/Sdl/build/CMakeFiles/CMakeTmp/CheckIncludeFile.c:1:17: fatal error: usb.h: No such file or directory
compilation terminated.
CMakeFiles/cmTC_7e54e.dir/build.make:65: recipe for target 'CMakeFiles/cmTC_7e54e.dir/CheckIncludeFile.c.o' failed
make[1]: *** [CMakeFiles/cmTC_7e54e.dir/CheckIncludeFile.c.o] Error 1
make[1]: Leaving directory '/home/hugo/Desktop/programming/Sdl/build/CMakeFiles/CMakeTmp'
Makefile:126: recipe for target 'cmTC_7e54e/fast' failed
make: *** [cmTC_7e54e/fast] Error 2


Determining if the include file libusb.h exists failed with the following output:
Change Dir: /home/hugo/Desktop/programming/Sdl/build/CMakeFiles/CMakeTmp

Run Build Command:"/usr/bin/make" "cmTC_ba43a/fast"
/usr/bin/make -f CMakeFiles/cmTC_ba43a.dir/build.make CMakeFiles/cmTC_ba43a.dir/build
make[1]: Entering directory '/home/hugo/Desktop/programming/Sdl/build/CMakeFiles/CMakeTmp'
Building C object CMakeFiles/cmTC_ba43a.dir/CheckIncludeFile.c.o
/usr/bin/cc    -g -O3    -o CMakeFiles/cmTC_ba43a.dir/CheckIncludeFile.c.o   -c /home/hugo/Desktop/programming/Sdl/build/CMakeFiles/CMakeTmp/CheckIncludeFile.c
/home/hugo/Desktop/programming/Sdl/build/CMakeFiles/CMakeTmp/CheckIncludeFile.c:1:20: fatal error: libusb.h: No such file or directory
compilation terminated.
CMakeFiles/cmTC_ba43a.dir/build.make:65: recipe for target 'CMakeFiles/cmTC_ba43a.dir/CheckIncludeFile.c.o' failed
make[1]: *** [CMakeFiles/cmTC_ba43a.dir/CheckIncludeFile.c.o] Error 1
make[1]: Leaving directory '/home/hugo/Desktop/programming/Sdl/build/CMakeFiles/CMakeTmp'
Makefile:126: recipe for target 'cmTC_ba43a/fast' failed
make: *** [cmTC_ba43a/fast] Error 2


Determining if the function hid_init exists in the usb failed with the following output:
Change Dir: /home/hugo/Desktop/programming/Sdl/build/CMakeFiles/CMakeTmp

Run Build Command:"/usr/bin/make" "cmTC_278ab/fast"
/usr/bin/make -f CMakeFiles/cmTC_278ab.dir/build.make CMakeFiles/cmTC_278ab.dir/build
make[1]: Entering directory '/home/hugo/Desktop/programming/Sdl/build/CMakeFiles/CMakeTmp'
Building C object CMakeFiles/cmTC_278ab.dir/CheckFunctionExists.c.o
/usr/bin/cc    -g -O3 -DCHECK_FUNCTION_EXISTS=hid_init   -o CMakeFiles/cmTC_278ab.dir/CheckFunctionExists.c.o   -c /usr/share/cmake-3.5/Modules/CheckFunctionExists.c
Linking C executable cmTC_278ab
/usr/bin/cmake -E cmake_link_script CMakeFiles/cmTC_278ab.dir/link.txt --verbose=1
/usr/bin/cc  -g -O3 -DCHECK_FUNCTION_EXISTS=hid_init    CMakeFiles/cmTC_278ab.dir/CheckFunctionExists.c.o  -o cmTC_278ab -rdynamic -lusb 
/usr/bin/ld: cannot find -lusb
collect2: error: ld returned 1 exit status
CMakeFiles/cmTC_278ab.dir/build.make:97: recipe for target 'cmTC_278ab' failed
make[1]: *** [cmTC_278ab] Error 1
make[1]: Leaving directory '/home/hugo/Desktop/programming/Sdl/build/CMakeFiles/CMakeTmp'
Makefile:126: recipe for target 'cmTC_278ab/fast' failed
make: *** [cmTC_278ab/fast] Error 2


Performing C SOURCE FILE Test HAVE_USBHID failed with the following output:
Change Dir: /home/hugo/Desktop/programming/Sdl/build/CMakeFiles/CMakeTmp

Run Build Command:"/usr/bin/make" "cmTC_e00de/fast"
/usr/bin/make -f CMakeFiles/cmTC_e00de.dir/build.make CMakeFiles/cmTC_e00de.dir/build
make[1]: Entering directory '/home/hugo/Desktop/programming/Sdl/build/CMakeFiles/CMakeTmp'
Building C object CMakeFiles/cmTC_e00de.dir/src.c.o
/usr/bin/cc    -g -O3 -DHAVE_USBHID   -o CMakeFiles/cmTC_e00de.dir/src.c.o   -c /home/hugo/Desktop/programming/Sdl/build/CMakeFiles/CMakeTmp/src.c
/home/hugo/Desktop/programming/Sdl/build/CMakeFiles/CMakeTmp/src.c:10:34: fatal error: dev/usb/usb.h: No such file or directory
compilation terminated.
CMakeFiles/cmTC_e00de.dir/build.make:65: recipe for target 'CMakeFiles/cmTC_e00de.dir/src.c.o' failed
make[1]: *** [CMakeFiles/cmTC_e00de.dir/src.c.o] Error 1
make[1]: Leaving directory '/home/hugo/Desktop/programming/Sdl/build/CMakeFiles/CMakeTmp'
Makefile:126: recipe for target 'cmTC_e00de/fast' failed
make: *** [cmTC_e00de/fast] Error 2

Source file was:

       #include <sys/types.h>
        #if defined(HAVE_USB_H)
        #include <usb.h>
        #endif
        #ifdef __DragonFly__
        # include <bus/usb/usb.h>
        # include <bus/usb/usbhid.h>
        #else
        # include <dev/usb/usb.h>
        # include <dev/usb/usbhid.h>
        #endif
        #if defined(HAVE_USBHID_H)
        #include <usbhid.h>
        #elif defined(HAVE_LIBUSB_H)
        #include <libusb.h>
        #elif defined(HAVE_LIBUSBHID_H)
        #include <libusbhid.h>
        #endif
        int main(int argc, char **argv) {
          struct report_desc *repdesc;
          struct usb_ctl_report *repbuf;
          hid_kind_t hidkind;
          return 0;
        }
Performing C SOURCE FILE Test HAVE_PTHREAD_NP_H failed with the following output:
Change Dir: /home/hugo/Desktop/programming/Sdl/build/CMakeFiles/CMakeTmp

Run Build Command:"/usr/bin/make" "cmTC_0af90/fast"
/usr/bin/make -f CMakeFiles/cmTC_0af90.dir/build.make CMakeFiles/cmTC_0af90.dir/build
make[1]: Entering directory '/home/hugo/Desktop/programming/Sdl/build/CMakeFiles/CMakeTmp'
Building C object CMakeFiles/cmTC_0af90.dir/src.c.o
/usr/bin/cc    -g -O3 -DHAVE_PTHREAD_NP_H -D_REENTRANT -pthread   -o CMakeFiles/cmTC_0af90.dir/src.c.o   -c /home/hugo/Desktop/programming/Sdl/build/CMakeFiles/CMakeTmp/src.c
/home/hugo/Desktop/programming/Sdl/build/CMakeFiles/CMakeTmp/src.c:3:34: fatal error: pthread_np.h: No such file or directory
compilation terminated.
CMakeFiles/cmTC_0af90.dir/build.make:65: recipe for target 'CMakeFiles/cmTC_0af90.dir/src.c.o' failed
make[1]: *** [CMakeFiles/cmTC_0af90.dir/src.c.o] Error 1
make[1]: Leaving directory '/home/hugo/Desktop/programming/Sdl/build/CMakeFiles/CMakeTmp'
Makefile:126: recipe for target 'cmTC_0af90/fast' failed
make: *** [cmTC_0af90/fast] Error 2

Source file was:

          #include <pthread.h>
          #include <pthread_np.h>
          int main(int argc, char** argv) { return 0; }
Determining if the function pthread_set_name_np exists failed with the following output:
Change Dir: /home/hugo/Desktop/programming/Sdl/build/CMakeFiles/CMakeTmp

Run Build Command:"/usr/bin/make" "cmTC_cd6ee/fast"
/usr/bin/make -f CMakeFiles/cmTC_cd6ee.dir/build.make CMakeFiles/cmTC_cd6ee.dir/build
make[1]: Entering directory '/home/hugo/Desktop/programming/Sdl/build/CMakeFiles/CMakeTmp'
Building C object CMakeFiles/cmTC_cd6ee.dir/CheckFunctionExists.c.o
/usr/bin/cc    -g -O3 -DCHECK_FUNCTION_EXISTS=pthread_set_name_np -D_REENTRANT -pthread   -o CMakeFiles/cmTC_cd6ee.dir/CheckFunctionExists.c.o   -c /usr/share/cmake-3.5/Modules/CheckFunctionExists.c
Linking C executable cmTC_cd6ee
/usr/bin/cmake -E cmake_link_script CMakeFiles/cmTC_cd6ee.dir/link.txt --verbose=1
/usr/bin/cc  -g -O3 -DCHECK_FUNCTION_EXISTS=pthread_set_name_np -D_REENTRANT -pthread    CMakeFiles/cmTC_cd6ee.dir/CheckFunctionExists.c.o  -o cmTC_cd6ee -rdynamic 
CMakeFiles/cmTC_cd6ee.dir/CheckFunctionExists.c.o: In function `main':
/usr/share/cmake-3.5/Modules/CheckFunctionExists.c:14: undefined reference to `pthread_set_name_np'
collect2: error: ld returned 1 exit status
CMakeFiles/cmTC_cd6ee.dir/build.make:97: recipe for target 'cmTC_cd6ee' failed
make[1]: *** [cmTC_cd6ee] Error 1
make[1]: Leaving directory '/home/hugo/Desktop/programming/Sdl/build/CMakeFiles/CMakeTmp'
Makefile:126: recipe for target 'cmTC_cd6ee/fast' failed
make: *** [cmTC_cd6ee/fast] Error 2


